<?xml version="1.0" encoding="UTF-8"?>
<testng-results ignored="0" total="3" passed="3" failed="0" skipped="0">
  <reporter-output>
  </reporter-output>
  <suite started-at="2021-01-10T13:25:25Z" name="Default suite" finished-at="2021-01-10T13:25:25Z" duration-ms="72">
    <groups>
    </groups>
    <test started-at="2021-01-10T13:25:25Z" name="Default test" finished-at="2021-01-10T13:25:25Z" duration-ms="72">
      <class name="listeners.TestNGListenerDemo">
        <test-method signature="test1()[pri:0, instance:listeners.TestNGListenerDemo@368247b9]" started-at="2021-01-10T13:25:25Z" name="test1" finished-at="2021-01-10T13:25:25Z" duration-ms="26" status="PASS">
          <reporter-output>
          </reporter-output>
        </test-method> <!-- test1 -->
        <test-method signature="test2()[pri:0, instance:listeners.TestNGListenerDemo@368247b9]" started-at="2021-01-10T13:25:25Z" name="test2" finished-at="2021-01-10T13:25:25Z" duration-ms="2" status="PASS">
          <reporter-output>
          </reporter-output>
        </test-method> <!-- test2 -->
        <test-method signature="test3()[pri:0, instance:listeners.TestNGListenerDemo@368247b9]" started-at="2021-01-10T13:25:25Z" name="test3" finished-at="2021-01-10T13:25:25Z" duration-ms="2" status="PASS">
          <reporter-output>
          </reporter-output>
        </test-method> <!-- test3 -->
      </class> <!-- listeners.TestNGListenerDemo -->
    </test> <!-- Default test -->
  </suite> <!-- Default suite -->
</testng-results>
