<?xml version="1.0" encoding="UTF-8"?>
<!-- Generated by org.testng.reporters.JUnitXMLReporter -->
<testsuite ignored="1" hostname="DESKTOP-B4P28L1" failures="0" tests="2" name="Test1" time="133.144" errors="0" timestamp="2021-01-03T02:32:39 EET">
  <testcase classname="seleniumFrameWork.Test1_GoogleSearch_TestNGdemo2" name="googlesearch3" time="25.583"/>
  <testcase classname="seleniumFrameWork.Test1_GoogleSearch_TestNGdemo" name="googlesearch" time="27.169"/>
  <testcase classname="seleniumFrameWork.Test1_GoogleSearch_TestNGdemo2" name="googlesearch2" time="0.0">
    <ignored/>
  </testcase> <!-- googlesearch2 -->
</testsuite> <!-- Test1 -->
